<?xml version="1.0" encoding="UTF-8"?>
<!-- Generated by org.testng.reporters.JUnitReportReporter -->
<testsuite hostname="LAPTOP-9U2FFLBI" failures="0" tests="5" name="com.thescore.pagetests.SearchLeagueTeamPlayerTest" time="111.818" errors="0" timestamp="30 Aug 2023 11:54:02 GMT" skipped="0">
  <testcase classname="com.thescore.pagetests.SearchLeagueTeamPlayerTest" name="clickOnLeague" time="12.406"/>
  <testcase classname="com.thescore.pagetests.SearchLeagueTeamPlayerTest" name="clickOnLeague" time="8.213"/>
  <testcase classname="com.thescore.pagetests.SearchLeagueTeamPlayerTest" name="clickOnLeague" time="11.333"/>
  <testcase classname="com.thescore.pagetests.SearchLeagueTeamPlayerTest" name="searchLeague" time="67.258"/>
  <testcase classname="com.thescore.pagetests.SearchLeagueTeamPlayerTest" name="clickOnLeague" time="12.608"/>
</testsuite> <!-- com.thescore.pagetests.SearchLeagueTeamPlayerTest -->
